/home/ah809/PyDP4_master/PyDP4.py -s chloroform -m m -B Def2TZVP -F m062x AT3_.sdf AT3NMR
/home/ah809/PyDP4_master/PyDP4.py -s chloroform -m m -B Def2TZVP -F m062x AT3 AT3NMR
/home/ah809/PyDP4_master/PyDP4.py -s chloroform -m m -B Def2TZVP -F m062x AT3_ AT3NMR
/home/ke291/PyDP4/PyDP4.py -s chloroform -m m -d z --TimeLimit 48 --DFTOpt --OptCycles 50 --nProc 2 -B 6-311g(d) -F mPW1PW91 --queue CLUSTER AT3_1 AT3_2 AT3NMR
/home/ke291/PyDP4/PyDP4.py -s chloroform -m m -d z --TimeLimit 48 --DFTOpt --OptCycles 100 --OptStep 1 --nProc 2 -B 6-311g(d) -F mPW1PW91 --queue CLUSTER AT3_1 AT3_2 AT3NMR
/home/ah809/PyDP4_master/PyDP4.py -s chloroform -m m -B 6-311g(d) -F mPW1PW91 --AssumeDFTDone AT3_ AT3NMR
/home/ah809/PyDP4_master/PyDP4.py -s chloroform -m m -B 6-311g(d) -F mPW1PW91 --AssumeDFTDone AT3_ AT3NMR
/home/ah809/PyDP4_master/PyDP4.py -s chloroform -m m -B 6-311g(d) -F mPW1PW91 --AssumeDFTDone AT3_ AT3NMR
/home/ah809/PyDP4_master/PyDP4.py -s chloroform -m m -B 6-311g(d) -F mPW1PW91 --AssumeDFTDone AT3_ AT3NMR
/home/ah809/PyDP4_master/PyDP4.py -s chloroform -m m -B 6-311g(d) -F mPW1PW91 --AssumeDFTDone AT3_ AT3NMR
/home/ah809/PyDP4_master/PyDP4.py -s chloroform -S m/home/ah809/StatsModel/stats2goptg -m m -B 6-311g(d) -F mPW1PW91 --AssumeDFTDone AT3_ AT3NMR
/home/ah809/PyDP4_master/PyDP4.py -s chloroform -S m/home/ah809/StatsModel/stats3goptg -m m -B 6-311g(d) -F mPW1PW91 --AssumeDFTDone AT3_ AT3NMR
/home/ah809/PyDP4_master/PyDP4.py -s chloroform -S m/home/ah809/StatsModel/stats3goptg -m m -B 6-311g(d) -F mPW1PW91 --AssumeDFTDone AT3_ AT3NMR
/home/ah809/PyDP4_master/PyDP4.py -s chloroform -S m/home/ah809/StatsModel/stats2goptg -m m -B 6-311g(d) -F mPW1PW91 --AssumeDFTDone AT3_ AT3NMR
/home/ah809/PyDP4_master/PyDP4.py -s chloroform -m m -B 6-311g(d) -F mPW1PW91 --AssumeDFTDone AT3_ AT3NMR
/home/ah809/PyDP4_master/PyDP4.py -s chloroform -m m -B 6-311g(d) -F mPW1PW91 --AssumeDFTDone AT3_ AT3NMR
/home/ah809/PyDP4_master/PyDP4.py -s chloroform -m m -B 6-311g(d) -F mPW1PW91 --AssumeDFTDone AT3_ AT3NMR
/home/ah809/PyDP4_master/PyDP4.py -s chloroform -S m/home/ah809/StatsModel/stats1goptg -m m -B 6-311g(d) -F mPW1PW91 --AssumeDFTDone AT3_ AT3NMR
/home/ah809/PyDP4_master/PyDP4.py -s chloroform -S m/home/ah809/StatsModel/stats2goptg -m m -B 6-311g(d) -F mPW1PW91 --AssumeDFTDone AT3_ AT3NMR
/home/ah809/PyDP4_master/PyDP4.py -s chloroform -S m/home/ah809/StatsModel/stats2goptg -m m -B 6-311g(d) -F mPW1PW91 --AssumeDFTDone AT3_ AT3NMR
/home/ah809/PyDP4_master/PyDP4.py -s chloroform -S m/home/ah809/StatsModel/3g_cross_validation_opt/ATmodelg -m m -B 6-311g(d) -F mPW1PW91 --AssumeDFTDone AT3_ AT3NMR
/home/ah809/PyDP4_master/PyDP4.py -s chloroform -S m/home/ah809/StatsModel/opt_stats_models/stats1goptg -m m -B 6-311g(d) -F mPW1PW91 --AssumeDFTDone AT3_ AT3NMR
/home/ah809/PyDP4_master/PyDP4.py -s chloroform -S m/home/ah809/StatsModel/opt_stats_models/stats2goptg -m m -B 6-311g(d) -F mPW1PW91 --AssumeDFTDone AT3_ AT3NMR
/home/ah809/PyDP4_master/PyDP4.py -s chloroform -S m/home/ah809/StatsModel/opt_stats_models/stats3goptg -m m -B 6-311g(d) -F mPW1PW91 --AssumeDFTDone AT3_ AT3NMR
/home/ah809/PyDP4_master/PyDP4.py -s chloroform -E /scratch/ah809/Completed_Calculations_M06-2X_Def2TZVP/AT3/ -m m -B 6-311g(d) -F mPW1PW91 --AssumeDFTDone AT3_ AT3NMR
/home/ah809/PyDP4_master/PyDP4.py -s chloroform -E /scratch/ah809/Completed_Calculations_M06-2X_Def2TZVP/AT3/ -m m -B 6-311g(d) -F mPW1PW91 --AssumeDFTDone AT3_ AT3NMR
/home/ke291/PyDP4rw/PyDP4.py -w mone -d d --project T2-CS036-CPU --TimeLimit 18 --nProc 4 AT3_1 AT3_2 AT3NMR
/home/ke291/PyDP4rw/PyDP4.py -w mone -d d -s chloroform --project T2-CS036-CPU --TimeLimit 18 --nProc 4 AT3_1 AT3_2 AT3NMR
/home/ah809/pydp4/PyDP4.py -w gmones -s chloroform AT3_.sdf AT3NMR
/home/ah809/pydp4/PyDP4.py -w gmones -s chloroform AT3_.sdf AT3NMR
/home/ah809/pydp4/PyDP4.py -w gmones -s chloroform AT3_.sdf AT3NMR
/home/ah809/pydp4/PyDP4.py -w gmones -s chloroform --AssumeConverged AT3_.sdf NMR_folder
/home/ah809/pydp4/PyDP4.py -w gmones -s chloroform --AssumeConverged AT3_.sdf NMR_folder
/home/ah809/pydp4/PyDP4.py -w gmones -s chloroform --AssumeConverged AT3_.sdf NMR_folder
/home/ah809/pydp4/PyDP4.py -w gmones -s chloroform --Stats m/home/ah809/StatsModel/opt_energy_3g/3gstatsg --AssumeConverged AT3_.sdf AT3NMR
/home/ah809/pydp4/PyDP4.py -w gmones -s chloroform --AssumeConverged AT3_.sdf NMR_folder
/home/ah809/pydp4/PyDP4.py -w gmones -s chloroform --Stats m/home/ah809/StatsModel/opt_energy_3g/3gstatsg --AssumeConverged AT3_.sdf NMR_folder
/home/ah809/pydp4/PyDP4.py -w gmones -s chloroform --AssumeConverged AT3_.sdf NMR_folder
/home/ah809/pydp4/PyDP4.py -w gmones -s chloroform --Stats /home/ah809/StatsModel/opt_energy_cross_validation/ATmodelg --AssumeConverged AT3_.sdf AT3NMR_folder
/home/ah809/pydp4/PyDP4.py -s chloroform -w gmones -OutputFolder /scratch/ah809/Paper_Results/pairwise/Opt_E/external -S /none --AssumeDFTDone AT3_.sdf AT3NMR
/home/ah809/pydp4/PyDP4.py -s chloroform -w gmones -OutputFolder /scratch/ah809/Paper_Results/pairwise/Opt_E/external -S /none --AssumeDFTDone AT3_.sdf AT3NMR
/home/ah809/pydp4/PyDP4.py -s chloroform -w gmones -OutputFolder /scratch/ah809/Paper_Results/auto/Opt_E/external -S /none --AssumeDFTDone AT3_.sdf NMR_folder
/home/ah809/pydp4/PyDP4.py -s chloroform -w gmones -OutputFolder /scratch/ah809/Paper_Results/auto/Opt_E/external -S /none --AssumeDFTDone AT3_.sdf NMR_folder
/home/ah809/pydp4/PyDP4.py -s chloroform -w gmones -OutputFolder /scratch/ah809/Paper_Results/pairwise/Opt_E/1g -S m/scratch/ah809/Paper_Results/Stats/pairwiseOpt_E1gg --AssumeDFTDone AT3_.sdf AT3NMR
/home/ah809/pydp4/PyDP4.py -s chloroform -w gmones -OutputFolder /scratch/ah809/Paper_Results/pairwise/Opt_E/1g -S m/scratch/ah809/Paper_Results/Stats/pairwiseOpt_E1gg --AssumeDFTDone AT3_.sdf AT3NMR
/home/ah809/pydp4/PyDP4.py -s chloroform -w gmones -OutputFolder /scratch/ah809/Paper_Results/pairwise/Opt_E/2g -S m/scratch/ah809/Paper_Results/Stats/pairwiseOpt_E2gg --AssumeDFTDone AT3_.sdf AT3NMR
/home/ah809/pydp4/PyDP4.py -s chloroform -w gmones -OutputFolder /scratch/ah809/Paper_Results/pairwise/Opt_E/2g -S m/scratch/ah809/Paper_Results/Stats/pairwiseOpt_E2gg --AssumeDFTDone AT3_.sdf AT3NMR
/home/ah809/pydp4/PyDP4.py -s chloroform -w gmones -OutputFolder /scratch/ah809/Paper_Results/pairwise/Opt_E/3g -S m/scratch/ah809/Paper_Results/Stats/pairwiseOpt_E3gg --AssumeDFTDone AT3_.sdf AT3NMR
/home/ah809/pydp4/PyDP4.py -s chloroform -w gmones -OutputFolder /scratch/ah809/Paper_Results/pairwise/Opt_E/3g -S m/scratch/ah809/Paper_Results/Stats/pairwiseOpt_E3gg --AssumeDFTDone AT3_.sdf AT3NMR
/home/ah809/pydp4/PyDP4.py -s chloroform -w gnomes -OutputFolder /scratch/ah809/Paper_Results/pairwise/Opt_E/crossvalidation -S mm/scratch/ah809/Paper_Results/Stats/pairwiseOpt_Ecrossval/ATmodelg --AssumeDFTDone AT3_ AT3NMR
/home/ah809/pydp4/PyDP4.py -s chloroform -w gnomes -OutputFolder /scratch/ah809/Paper_Results/pairwise/Opt_E/crossvalidation -S mm/scratch/ah809/Paper_Results/Stats/pairwiseOpt_Ecrossval/ATmodelg --AssumeDFTDone AT3_ AT3NMR
/home/ah809/pydp4/PyDP4.py -s chloroform -w gnomes -OutputFolder /scratch/ah809/Paper_Results/pairwise/Opt_E/crossvalidation -S m/scratch/ah809/Paper_Results/Stats/pairwiseOpt_Ecrossval/ATmodelg --AssumeDFTDone AT3_ AT3NMR
/home/ah809/pydp4/PyDP4.py -s chloroform -w gnomes -OutputFolder /scratch/ah809/Paper_Results/pairwise/Opt_E/crossvalidation -S m/scratch/ah809/Paper_Results/Stats/pairwiseOpt_Ecrossval/ATmodelg --AssumeDFTDone AT3_.sdf AT3NMR
/home/ah809/pydp4/PyDP4.py -s chloroform -w gmones -OutputFolder /scratch/ah809/Paper_Results/auto/Opt_E/1g -S m/scratch/ah809/Paper_Results/Stats/autoOpt_E1gg --AssumeDFTDone AT3_.sdf NMR_folder
/home/ah809/pydp4/PyDP4.py -s chloroform -w gmones -OutputFolder /scratch/ah809/Paper_Results/auto/Opt_E/1g -S m/scratch/ah809/Paper_Results/Stats/autoOpt_E1gg --AssumeDFTDone AT3_.sdf NMR_folder
/home/ah809/pydp4/PyDP4.py -s chloroform -w gmones -OutputFolder /scratch/ah809/Paper_Results/pairwise/Opt_E/external -S /none --AssumeDFTDone AT3_.sdf AT3NMR
/home/ah809/pydp4/PyDP4.py -s chloroform -w gmones -OutputFolder /scratch/ah809/Paper_Results/pairwise/Opt_E/external -S /none --AssumeDFTDone AT3_.sdf AT3NMR
/home/ah809/pydp4/PyDP4.py -s chloroform -w gmones -OutputFolder /scratch/ah809/Paper_Results/auto/Opt_E/2g -S m/scratch/ah809/Paper_Results/Stats/autoOpt_E2gg --AssumeDFTDone AT3_.sdf NMR_folder
/home/ah809/pydp4/PyDP4.py -s chloroform -w gmones -OutputFolder /scratch/ah809/Paper_Results/auto/Opt_E/2g -S m/scratch/ah809/Paper_Results/Stats/autoOpt_E2gg --AssumeDFTDone AT3_.sdf NMR_folder
/home/ah809/pydp4/PyDP4.py -s chloroform -w gmones -OutputFolder /scratch/ah809/Paper_Results/pairwise/Opt_E/external -S /none --AssumeDFTDone AT3_.sdf AT3NMR
/home/ah809/pydp4/PyDP4.py -s chloroform -w gmones -OutputFolder /scratch/ah809/Paper_Results/pairwise/Opt_E/external -S /none --AssumeDFTDone AT3_.sdf AT3NMR
/home/ah809/pydp4/PyDP4.py -s chloroform -w gmones -OutputFolder /scratch/ah809/Paper_Results/auto/Opt_E/3g -S m/scratch/ah809/Paper_Results/Stats/autoOpt_E3gg --AssumeDFTDone AT3_.sdf NMR_folder
/home/ah809/pydp4/PyDP4.py -s chloroform -w gmones -OutputFolder /scratch/ah809/Paper_Results/auto/Opt_E/3g -S m/scratch/ah809/Paper_Results/Stats/autoOpt_E3gg --AssumeDFTDone AT3_.sdf NMR_folder
/home/ah809/pydp4/PyDP4.py -s chloroform -w gnomes -OutputFolder /scratch/ah809/Paper_Results/auto/Opt_E/crossvalidation -S m/scratch/ah809/Paper_Results/Stats/autoOpt_Ecrossval/ATmodelg --AssumeDFTDone AT3_.sdf NMR_folder
/home/ah809/pydp4/PyDP4.py -s chloroform -w gmones -OutputFolder /scratch/ah809/Paper_Results/pairwise/Opt_E/1g -S m/scratch/ah809/Paper_Results/Stats/pairwiseOpt_E1gg --AssumeDFTDone AT3_.sdf AT3NMR
/home/ah809/pydp4/PyDP4.py -s chloroform -w gmones -OutputFolder /scratch/ah809/Paper_Results/pairwise/Opt_E/1g -S m/scratch/ah809/Paper_Results/Stats/pairwiseOpt_E1gg --AssumeDFTDone AT3_.sdf AT3NMR
/home/ah809/pydp4/PyDP4.py -s chloroform -w gmones -OutputFolder /scratch/ah809/Paper_Results/pairwise/Opt_E/2g -S m/scratch/ah809/Paper_Results/Stats/pairwiseOpt_E2gg --AssumeDFTDone AT3_.sdf AT3NMR
/home/ah809/pydp4/PyDP4.py -s chloroform -w gmones -OutputFolder /scratch/ah809/Paper_Results/pairwise/Opt_E/2g -S m/scratch/ah809/Paper_Results/Stats/pairwiseOpt_E2gg --AssumeDFTDone AT3_.sdf AT3NMR
/home/ah809/pydp4/PyDP4.py -s chloroform -w gmones -OutputFolder /scratch/ah809/Paper_Results/pairwise/Opt_E/3g -S m/scratch/ah809/Paper_Results/Stats/pairwiseOpt_E3gg --AssumeDFTDone AT3_.sdf AT3NMR
/home/ah809/pydp4/PyDP4.py -s chloroform -w gmones -OutputFolder /scratch/ah809/Paper_Results/pairwise/Opt_E/3g -S m/scratch/ah809/Paper_Results/Stats/pairwiseOpt_E3gg --AssumeDFTDone AT3_.sdf AT3NMR
/home/ah809/pydp4/PyDP4.py -s chloroform -w gnomes -OutputFolder /scratch/ah809/Paper_Results/pairwise/Opt_E/crossvalidation -S m/scratch/ah809/Paper_Results/Stats/pairwiseOpt_Ecrossval/ATmodelg --AssumeDFTDone AT3_.sdf AT3NMR
/home/ah809/pydp4/PyDP4.py -s chloroform -w gmones -OutputFolder /scratch/ah809/Paper_Results2/auto/Opt_E/1g -S m/scratch/ah809/Paper_Results2/Stats/pairwiseOpt_E1gg --AssumeDFTDone AT3_.sdf NMR_folder
/home/ah809/pydp4/PyDP4.py -s chloroform -w gmones -OutputFolder /scratch/ah809/Paper_Results2/auto/Opt_E/1g -S m/scratch/ah809/Paper_Results2/Stats/pairwiseOpt_E1gg --AssumeDFTDone AT3_.sdf NMR_folder
/home/ah809/pydp4/PyDP4.py -s chloroform -w gmones -OutputFolder /scratch/ah809/Paper_Results2/auto/Opt_E/2g -S m/scratch/ah809/Paper_Results2/Stats/pairwiseOpt_E2gg --AssumeDFTDone AT3_.sdf NMR_folder
/home/ah809/pydp4/PyDP4.py -s chloroform -w gmones -OutputFolder /scratch/ah809/Paper_Results2/auto/Opt_E/2g -S m/scratch/ah809/Paper_Results2/Stats/pairwiseOpt_E2gg --AssumeDFTDone AT3_.sdf NMR_folder
/home/ah809/pydp4/PyDP4.py -s chloroform -w gmones -OutputFolder /scratch/ah809/Paper_Results2/auto/Opt_E/3g -S m/scratch/ah809/Paper_Results2/Stats/pairwiseOpt_E3gg --AssumeDFTDone AT3_.sdf NMR_folder
/home/ah809/pydp4/PyDP4.py -s chloroform -w gmones -OutputFolder /scratch/ah809/Paper_Results2/auto/Opt_E/3g -S m/scratch/ah809/Paper_Results2/Stats/pairwiseOpt_E3gg --AssumeDFTDone AT3_.sdf NMR_folder
/home/ah809/pydp4/PyDP4.py -s chloroform -w gnomes -OutputFolder /scratch/ah809/Paper_Results2/auto/Opt_E/crossvalidation -S m/scratch/ah809/Paper_Results2/Stats/pairwiseOpt_Ecrossval/ATmodelg --AssumeDFTDone AT3_.sdf NMR_folder
/home/ah809/pydp4/PyDP4.py -s chloroform -w gmones -OutputFolder /scratch/ah809/Paper_Results/pairwise/Opt_E/external -S /none --AssumeDFTDone AT3_.sdf AT3NMR
/home/ah809/pydp4/PyDP4.py -s chloroform -w gmones -OutputFolder /scratch/ah809/Paper_Results/pairwise/Opt_E/external -S /none --AssumeDFTDone AT3_.sdf AT3NMR
/home/ah809/pydp4/PyDP4.py -s chloroform -w gmones -OutputFolder /scratch/ah809/Paper_Results/auto/Opt_E/external -S /none --AssumeDFTDone AT3_.sdf NMR_folder
/home/ah809/pydp4/PyDP4.py -s chloroform -w gmones -OutputFolder /scratch/ah809/Paper_Results/auto/Opt_E/external -S /none --AssumeDFTDone AT3_.sdf NMR_folder
/home/ah809/pydp4/PyDP4.py -s chloroform -w gmones -OutputFolder /scratch/ah809/Paper_Results/pairwise/Opt_E/1g -S m/scratch/ah809/Paper_Results/Stats/pairwiseOpt_E1gg --AssumeDFTDone AT3_.sdf AT3NMR
/home/ah809/pydp4/PyDP4.py -s chloroform -w gmones -OutputFolder /scratch/ah809/Paper_Results/pairwise/Opt_E/1g -S m/scratch/ah809/Paper_Results/Stats/pairwiseOpt_E1gg --AssumeDFTDone AT3_.sdf AT3NMR
/home/ah809/pydp4/PyDP4.py -s chloroform -w gmones -OutputFolder /scratch/ah809/Paper_Results/pairwise/Opt_E/2g -S m/scratch/ah809/Paper_Results/Stats/pairwiseOpt_E2gg --AssumeDFTDone AT3_.sdf AT3NMR
/home/ah809/pydp4/PyDP4.py -s chloroform -w gmones -OutputFolder /scratch/ah809/Paper_Results/pairwise/Opt_E/2g -S m/scratch/ah809/Paper_Results/Stats/pairwiseOpt_E2gg --AssumeDFTDone AT3_.sdf AT3NMR
/home/ah809/pydp4/PyDP4.py -s chloroform -w gmones -OutputFolder /scratch/ah809/Paper_Results/pairwise/Opt_E/3g -S m/scratch/ah809/Paper_Results/Stats/pairwiseOpt_E3gg --AssumeDFTDone AT3_.sdf AT3NMR
/home/ah809/pydp4/PyDP4.py -s chloroform -w gmones -OutputFolder /scratch/ah809/Paper_Results/pairwise/Opt_E/3g -S m/scratch/ah809/Paper_Results/Stats/pairwiseOpt_E3gg --AssumeDFTDone AT3_.sdf AT3NMR
/home/ah809/pydp4/PyDP4.py -s chloroform -w gnomes -OutputFolder /scratch/ah809/Paper_Results/pairwise/Opt_E/crossvalidation -S m/scratch/ah809/Paper_Results/Stats/pairwiseOpt_Ecrossval/ATmodelg --AssumeDFTDone AT3_.sdf AT3NMR
/home/ah809/pydp4/PyDP4.py -s chloroform -w gmones -OutputFolder /scratch/ah809/Paper_Results/auto/Opt_E/1g -S m/scratch/ah809/Paper_Results/Stats/pairwiseOpt_E1gg --AssumeDFTDone AT3_.sdf NMR_folder
/home/ah809/pydp4/PyDP4.py -s chloroform -w gmones -OutputFolder /scratch/ah809/Paper_Results/auto/Opt_E/1g -S m/scratch/ah809/Paper_Results/Stats/pairwiseOpt_E1gg --AssumeDFTDone AT3_.sdf NMR_folder
/home/ah809/pydp4/PyDP4.py -s chloroform -w gmones -OutputFolder /scratch/ah809/Paper_Results/auto/Opt_E/2g -S m/scratch/ah809/Paper_Results/Stats/pairwiseOpt_E2gg --AssumeDFTDone AT3_.sdf NMR_folder
/home/ah809/pydp4/PyDP4.py -s chloroform -w gmones -OutputFolder /scratch/ah809/Paper_Results/auto/Opt_E/2g -S m/scratch/ah809/Paper_Results/Stats/pairwiseOpt_E2gg --AssumeDFTDone AT3_.sdf NMR_folder
/home/ah809/pydp4/PyDP4.py -s chloroform -w gmones -OutputFolder /scratch/ah809/Paper_Results/auto/Opt_E/3g -S m/scratch/ah809/Paper_Results/Stats/pairwiseOpt_E3gg --AssumeDFTDone AT3_.sdf NMR_folder
/home/ah809/pydp4/PyDP4.py -s chloroform -w gmones -OutputFolder /scratch/ah809/Paper_Results/auto/Opt_E/3g -S m/scratch/ah809/Paper_Results/Stats/pairwiseOpt_E3gg --AssumeDFTDone AT3_.sdf NMR_folder
/home/ah809/pydp4/PyDP4.py -s chloroform -w gnomes -OutputFolder /scratch/ah809/Paper_Results/auto/Opt_E/crossvalidation -S m/scratch/ah809/Paper_Results/Stats/pairwiseOpt_Ecrossval/ATmodelg --AssumeDFTDone AT3_.sdf NMR_folder
/home/ah809/pydp4/PyDP4.py -s chloroform -w gnomes -OutputFolder /scratch/ah809/Paper_Results/pairwise/Opt_E/crossvalidation -S m/scratch/ah809/Paper_Results/Stats/pairwiseOpt_Ecrossval/ATmodelg --AssumeDFTDone AT3_.sdf AT3NMR
/home/ah809/pydp4/PyDP4.py -s chloroform -w gnomes -OutputFolder /scratch/ah809/Paper_Results/auto/Opt_E/crossvalidation -S m/scratch/ah809/Paper_Results/Stats/pairwiseOpt_Ecrossval/ATmodelg --AssumeDFTDone AT3_.sdf NMR_folder
/home/ah809/pydp4/PyDP4.py -s chloroform -w gmones -OutputFolder /scratch/ah809/Paper_Results/pairwise/Opt_E/external -S /none --AssumeDFTDone AT3_.sdf AT3NMR
/home/ah809/pydp4/PyDP4.py -s chloroform -w gmones -OutputFolder /scratch/ah809/Paper_Results/pairwise/Opt_E/external -S /none --AssumeDFTDone AT3_.sdf AT3NMR
/home/ah809/pydp4/PyDP4.py -s chloroform -w gmones -OutputFolder /scratch/ah809/Paper_Results/auto/Opt_E/external -S /none --AssumeDFTDone AT3_.sdf NMR_folder
/home/ah809/pydp4/PyDP4.py -s chloroform -w gmones -OutputFolder /scratch/ah809/Paper_Results/auto/Opt_E/external -S /none --AssumeDFTDone AT3_.sdf NMR_folder
/home/ah809/pydp4/PyDP4.py -s chloroform -w gmones -OutputFolder /scratch/ah809/Paper_Results/pairwise/Opt_E/1g -S m/scratch/ah809/Paper_Results/Stats/pairwiseOpt_E1gg --AssumeDFTDone AT3_.sdf AT3NMR
/home/ah809/pydp4/PyDP4.py -s chloroform -w gmones -OutputFolder /scratch/ah809/Paper_Results/pairwise/Opt_E/1g -S m/scratch/ah809/Paper_Results/Stats/pairwiseOpt_E1gg --AssumeDFTDone AT3_.sdf AT3NMR
/home/ah809/pydp4/PyDP4.py -s chloroform -w gmones -OutputFolder /scratch/ah809/Paper_Results/pairwise/Opt_E/2g -S m/scratch/ah809/Paper_Results/Stats/pairwiseOpt_E2gg --AssumeDFTDone AT3_.sdf AT3NMR
/home/ah809/pydp4/PyDP4.py -s chloroform -w gmones -OutputFolder /scratch/ah809/Paper_Results/pairwise/Opt_E/2g -S m/scratch/ah809/Paper_Results/Stats/pairwiseOpt_E2gg --AssumeDFTDone AT3_.sdf AT3NMR
/home/ah809/pydp4/PyDP4.py -s chloroform -w gmones -OutputFolder /scratch/ah809/Paper_Results/pairwise/Opt_E/3g -S m/scratch/ah809/Paper_Results/Stats/pairwiseOpt_E3gg --AssumeDFTDone AT3_.sdf AT3NMR
/home/ah809/pydp4/PyDP4.py -s chloroform -w gmones -OutputFolder /scratch/ah809/Paper_Results/pairwise/Opt_E/3g -S m/scratch/ah809/Paper_Results/Stats/pairwiseOpt_E3gg --AssumeDFTDone AT3_.sdf AT3NMR
/home/ah809/pydp4/PyDP4.py -s chloroform -w gnomes -OutputFolder /scratch/ah809/Paper_Results/pairwise/Opt_E/crossvalidation -S m/scratch/ah809/Paper_Results/Stats/pairwiseOpt_Ecrossval/ATmodelg --AssumeDFTDone AT3_.sdf AT3NMR
/home/ah809/pydp4/PyDP4.py -s chloroform -w gmones -OutputFolder /scratch/ah809/Paper_Results/auto/Opt_E/1g -S m/scratch/ah809/Paper_Results/Stats/pairwiseOpt_E1gg --AssumeDFTDone AT3_.sdf NMR_folder
/home/ah809/pydp4/PyDP4.py -s chloroform -w gmones -OutputFolder /scratch/ah809/Paper_Results/auto/Opt_E/1g -S m/scratch/ah809/Paper_Results/Stats/pairwiseOpt_E1gg --AssumeDFTDone AT3_.sdf NMR_folder
/home/ah809/pydp4/PyDP4.py -s chloroform -w gmones -OutputFolder /scratch/ah809/Paper_Results/auto/Opt_E/2g -S m/scratch/ah809/Paper_Results/Stats/pairwiseOpt_E2gg --AssumeDFTDone AT3_.sdf NMR_folder
/home/ah809/pydp4/PyDP4.py -s chloroform -w gmones -OutputFolder /scratch/ah809/Paper_Results/auto/Opt_E/2g -S m/scratch/ah809/Paper_Results/Stats/pairwiseOpt_E2gg --AssumeDFTDone AT3_.sdf NMR_folder
/home/ah809/pydp4/PyDP4.py -s chloroform -w gmones -OutputFolder /scratch/ah809/Paper_Results/auto/Opt_E/3g -S m/scratch/ah809/Paper_Results/Stats/pairwiseOpt_E3gg --AssumeDFTDone AT3_.sdf NMR_folder
/home/ah809/pydp4/PyDP4.py -s chloroform -w gmones -OutputFolder /scratch/ah809/Paper_Results/auto/Opt_E/3g -S m/scratch/ah809/Paper_Results/Stats/pairwiseOpt_E3gg --AssumeDFTDone AT3_.sdf NMR_folder
/home/ah809/pydp4/PyDP4.py -s chloroform -w gnomes -OutputFolder /scratch/ah809/Paper_Results/auto/Opt_E/crossvalidation -S m/scratch/ah809/Paper_Results/Stats/pairwiseOpt_Ecrossval/ATmodelg --AssumeDFTDone AT3_.sdf NMR_folder
/home/ah809/pydp4/PyDP4.py -s chloroform -w gmones -OutputFolder /scratch/ah809/Paper_Results/pairwise/Opt_E/external -S /none --AssumeDFTDone AT3_.sdf AT3NMR
/home/ah809/pydp4/PyDP4.py -s chloroform -w gmones -OutputFolder /scratch/ah809/Paper_Results/pairwise/Opt_E/external -S /none --AssumeDFTDone AT3_.sdf AT3NMR
/home/ah809/pydp4/PyDP4.py -s chloroform -w gmones -OutputFolder /scratch/ah809/Paper_Results/auto/Opt_E/external -S /none --AssumeDFTDone AT3_.sdf NMR_folder
/home/ah809/pydp4/PyDP4.py -s chloroform -w gmones -OutputFolder /scratch/ah809/Paper_Results/auto/Opt_E/external -S /none --AssumeDFTDone AT3_.sdf NMR_folder
/home/ah809/pydp4/PyDP4.py -s chloroform -w gmones -OutputFolder /scratch/ah809/Paper_Results/pairwise/Opt_E/external -S /none --AssumeDFTDone AT3_.sdf AT3NMR
/home/ah809/pydp4/PyDP4.py -s chloroform -w gmones -OutputFolder /scratch/ah809/Paper_Results/pairwise/Opt_E/external -S /none --AssumeDFTDone AT3_.sdf AT3NMR
/home/ah809/pydp4/PyDP4.py -s chloroform -w gmones -OutputFolder /scratch/ah809/Paper_Results/pairwise/Opt_E/1g -S m/scratch/ah809/Paper_Results/Stats/pairwiseOpt_E1gg --AssumeDFTDone AT3_.sdf AT3NMR
/home/ah809/pydp4/PyDP4.py -s chloroform -w gmones -OutputFolder /scratch/ah809/Paper_Results/pairwise/Opt_E/1g -S m/scratch/ah809/Paper_Results/Stats/pairwiseOpt_E1gg --AssumeDFTDone AT3_.sdf AT3NMR
/home/ah809/pydp4/PyDP4.py -s chloroform -w gmones -OutputFolder /scratch/ah809/Paper_Results/pairwise/Opt_E/2g -S m/scratch/ah809/Paper_Results/Stats/pairwiseOpt_E2gg --AssumeDFTDone AT3_.sdf AT3NMR
/home/ah809/pydp4/PyDP4.py -s chloroform -w gmones -OutputFolder /scratch/ah809/Paper_Results/pairwise/Opt_E/2g -S m/scratch/ah809/Paper_Results/Stats/pairwiseOpt_E2gg --AssumeDFTDone AT3_.sdf AT3NMR
/home/ah809/pydp4/PyDP4.py -s chloroform -w gmones -OutputFolder /scratch/ah809/Paper_Results/pairwise/Opt_E/3g -S m/scratch/ah809/Paper_Results/Stats/pairwiseOpt_E3gg --AssumeDFTDone AT3_.sdf AT3NMR
/home/ah809/pydp4/PyDP4.py -s chloroform -w gmones -OutputFolder /scratch/ah809/Paper_Results/pairwise/Opt_E/3g -S m/scratch/ah809/Paper_Results/Stats/pairwiseOpt_E3gg --AssumeDFTDone AT3_.sdf AT3NMR
/home/ah809/pydp4/PyDP4.py -s chloroform -w gnomes -OutputFolder /scratch/ah809/Paper_Results/pairwise/Opt_E/crossvalidation -S m/scratch/ah809/Paper_Results/Stats/pairwiseOpt_Ecrossval/ATmodelg --AssumeDFTDone AT3_.sdf AT3NMR
/home/ah809/pydp4/PyDP4.py -s chloroform -w gmones -OutputFolder /scratch/ah809/Paper_Results/auto/Opt_E/1g -S m/scratch/ah809/Paper_Results/Stats/pairwiseOpt_E1gg --AssumeDFTDone AT3_.sdf NMR_folder
/home/ah809/pydp4/PyDP4.py -s chloroform -w gmones -OutputFolder /scratch/ah809/Paper_Results/auto/Opt_E/1g -S m/scratch/ah809/Paper_Results/Stats/pairwiseOpt_E1gg --AssumeDFTDone AT3_.sdf NMR_folder
/home/ah809/pydp4/PyDP4.py -s chloroform -w gmones -OutputFolder /scratch/ah809/Paper_Results/auto/Opt_E/2g -S m/scratch/ah809/Paper_Results/Stats/pairwiseOpt_E2gg --AssumeDFTDone AT3_.sdf NMR_folder
/home/ah809/pydp4/PyDP4.py -s chloroform -w gmones -OutputFolder /scratch/ah809/Paper_Results/auto/Opt_E/2g -S m/scratch/ah809/Paper_Results/Stats/pairwiseOpt_E2gg --AssumeDFTDone AT3_.sdf NMR_folder
/home/ah809/pydp4/PyDP4.py -s chloroform -w gmones -OutputFolder /scratch/ah809/Paper_Results/auto/Opt_E/3g -S m/scratch/ah809/Paper_Results/Stats/pairwiseOpt_E3gg --AssumeDFTDone AT3_.sdf NMR_folder
/home/ah809/pydp4/PyDP4.py -s chloroform -w gmones -OutputFolder /scratch/ah809/Paper_Results/auto/Opt_E/3g -S m/scratch/ah809/Paper_Results/Stats/pairwiseOpt_E3gg --AssumeDFTDone AT3_.sdf NMR_folder
/home/ah809/pydp4/PyDP4.py -s chloroform -w gnomes -OutputFolder /scratch/ah809/Paper_Results/auto/Opt_E/crossvalidation -S m/scratch/ah809/Paper_Results/Stats/pairwiseOpt_Ecrossval/ATmodelg --AssumeDFTDone AT3_.sdf NMR_folder
/home/ah809/pydp4/PyDP4.py -s chloroform -w gmones -OutputFolder /scratch/ah809/auto_stats_results/pairwise/Opt_E/external -S /none --AssumeDFTDone AT3_.sdf AT3NMR
/home/ah809/pydp4/PyDP4.py -s chloroform -w gmones -OutputFolder /scratch/ah809/auto_stats_results/pairwise/Opt_E/external -S /none --AssumeDFTDone AT3_.sdf AT3NMR
/home/ah809/pydp4/PyDP4.py -s chloroform -w gmones -OutputFolder /scratch/ah809/auto_stats_results/auto/Opt_E/external -S /none --AssumeDFTDone AT3_.sdf NMR_folder
/home/ah809/pydp4/PyDP4.py -s chloroform -w gmones -OutputFolder /scratch/ah809/auto_stats_results/auto/Opt_E/external -S /none --AssumeDFTDone AT3_.sdf NMR_folder
/home/ah809/pydp4/PyDP4.py -s chloroform -w gmones -OutputFolder /scratch/ah809/auto_stats_results/pairwise/Opt_E/1g -S m/scratch/ah809/auto_stats_results/Stats/pairwiseOpt_E1gg --AssumeDFTDone AT3_.sdf AT3NMR
/home/ah809/pydp4/PyDP4.py -s chloroform -w gmones -OutputFolder /scratch/ah809/auto_stats_results/pairwise/Opt_E/1g -S m/scratch/ah809/auto_stats_results/Stats/pairwiseOpt_E1gg --AssumeDFTDone AT3_.sdf AT3NMR
/home/ah809/pydp4/PyDP4.py -s chloroform -w gmones -OutputFolder /scratch/ah809/auto_stats_results/pairwise/Opt_E/2g -S m/scratch/ah809/auto_stats_results/Stats/pairwiseOpt_E2gg --AssumeDFTDone AT3_.sdf AT3NMR
/home/ah809/pydp4/PyDP4.py -s chloroform -w gmones -OutputFolder /scratch/ah809/auto_stats_results/pairwise/Opt_E/2g -S m/scratch/ah809/auto_stats_results/Stats/pairwiseOpt_E2gg --AssumeDFTDone AT3_.sdf AT3NMR
/home/ah809/pydp4/PyDP4.py -s chloroform -w gmones -OutputFolder /scratch/ah809/auto_stats_results/pairwise/Opt_E/3g -S m/scratch/ah809/auto_stats_results/Stats/pairwiseOpt_E3gg --AssumeDFTDone AT3_.sdf AT3NMR
/home/ah809/pydp4/PyDP4.py -s chloroform -w gmones -OutputFolder /scratch/ah809/auto_stats_results/pairwise/Opt_E/3g -S m/scratch/ah809/auto_stats_results/Stats/pairwiseOpt_E3gg --AssumeDFTDone AT3_.sdf AT3NMR
/home/ah809/pydp4/PyDP4.py -s chloroform -w gnomes -OutputFolder /scratch/ah809/auto_stats_results/pairwise/Opt_E/crossvalidation -S m/scratch/ah809/auto_stats_results/Stats/pairwiseOpt_Ecrossval/ATmodelg --AssumeDFTDone AT3_.sdf AT3NMR
/home/ah809/pydp4/PyDP4.py -s chloroform -w gmones -OutputFolder /scratch/ah809/auto_stats_results/auto/Opt_E/1g -S m/scratch/ah809/auto_stats_results/Stats/pairwiseOpt_E1gg --AssumeDFTDone AT3_.sdf NMR_folder
/home/ah809/pydp4/PyDP4.py -s chloroform -w gmones -OutputFolder /scratch/ah809/auto_stats_results/auto/Opt_E/1g -S m/scratch/ah809/auto_stats_results/Stats/pairwiseOpt_E1gg --AssumeDFTDone AT3_.sdf NMR_folder
/home/ah809/pydp4/PyDP4.py -s chloroform -w gmones -OutputFolder /scratch/ah809/auto_stats_results/auto/Opt_E/2g -S m/scratch/ah809/auto_stats_results/Stats/pairwiseOpt_E2gg --AssumeDFTDone AT3_.sdf NMR_folder
/home/ah809/pydp4/PyDP4.py -s chloroform -w gmones -OutputFolder /scratch/ah809/auto_stats_results/auto/Opt_E/2g -S m/scratch/ah809/auto_stats_results/Stats/pairwiseOpt_E2gg --AssumeDFTDone AT3_.sdf NMR_folder
/home/ah809/pydp4/PyDP4.py -s chloroform -w gmones -OutputFolder /scratch/ah809/auto_stats_results/auto/Opt_E/3g -S m/scratch/ah809/auto_stats_results/Stats/pairwiseOpt_E3gg --AssumeDFTDone AT3_.sdf NMR_folder
/home/ah809/pydp4/PyDP4.py -s chloroform -w gmones -OutputFolder /scratch/ah809/auto_stats_results/auto/Opt_E/3g -S m/scratch/ah809/auto_stats_results/Stats/pairwiseOpt_E3gg --AssumeDFTDone AT3_.sdf NMR_folder
/home/ah809/pydp4/PyDP4.py -s chloroform -w gnomes -OutputFolder /scratch/ah809/auto_stats_results/auto/Opt_E/crossvalidation -S m/scratch/ah809/auto_stats_results/Stats/pairwiseOpt_Ecrossval/ATmodelg --AssumeDFTDone AT3_.sdf NMR_folder
/home/ah809/pydp4/PyDP4.py -s chloroform -w gmones -OutputFolder /scratch/ah809/Updated_Integrals/pairwise/Opt_E/external -S /none --AssumeDFTDone AT3_.sdf AT3NMR
/home/ah809/pydp4/PyDP4.py -s chloroform -w gmones -OutputFolder /scratch/ah809/Updated_Integrals/pairwise/Opt_E/external -S /none --AssumeDFTDone AT3_.sdf AT3NMR
/home/ah809/pydp4/PyDP4.py -s chloroform -w gmones -OutputFolder /scratch/ah809/Updated_Integrals/auto/Opt_E/external -S /none --AssumeDFTDone AT3_.sdf NMR_folder
/home/ah809/pydp4/PyDP4.py -s chloroform -w gmones -OutputFolder /scratch/ah809/Updated_Integrals/auto/Opt_E/external -S /none --AssumeDFTDone AT3_.sdf NMR_folder
/home/ah809/pydp4/PyDP4.py -s chloroform -w gmones -OutputFolder /scratch/ah809/Updated_Integrals/pairwise/Opt_E/1g -S m/scratch/ah809/Updated_Integrals/Stats/pairwiseOpt_E1gg --AssumeDFTDone AT3_.sdf AT3NMR
/home/ah809/pydp4/PyDP4.py -s chloroform -w gmones -OutputFolder /scratch/ah809/Updated_Integrals/pairwise/Opt_E/1g -S m/scratch/ah809/Updated_Integrals/Stats/pairwiseOpt_E1gg --AssumeDFTDone AT3_.sdf AT3NMR
/home/ah809/pydp4/PyDP4.py -s chloroform -w gmones -OutputFolder /scratch/ah809/Updated_Integrals/pairwise/Opt_E/2g -S m/scratch/ah809/Updated_Integrals/Stats/pairwiseOpt_E2gg --AssumeDFTDone AT3_.sdf AT3NMR
/home/ah809/pydp4/PyDP4.py -s chloroform -w gmones -OutputFolder /scratch/ah809/Updated_Integrals/pairwise/Opt_E/2g -S m/scratch/ah809/Updated_Integrals/Stats/pairwiseOpt_E2gg --AssumeDFTDone AT3_.sdf AT3NMR
/home/ah809/pydp4/PyDP4.py -s chloroform -w gmones -OutputFolder /scratch/ah809/Updated_Integrals/pairwise/Opt_E/3g -S m/scratch/ah809/Updated_Integrals/Stats/pairwiseOpt_E3gg --AssumeDFTDone AT3_.sdf AT3NMR
/home/ah809/pydp4/PyDP4.py -s chloroform -w gmones -OutputFolder /scratch/ah809/Updated_Integrals/pairwise/Opt_E/3g -S m/scratch/ah809/Updated_Integrals/Stats/pairwiseOpt_E3gg --AssumeDFTDone AT3_.sdf AT3NMR
/home/ah809/pydp4/PyDP4.py -s chloroform -w gnomes -OutputFolder /scratch/ah809/Updated_Integrals/pairwise/Opt_E/crossvalidation -S m/scratch/ah809/Updated_Integrals/Stats/pairwiseOpt_Ecrossval/ATmodelg --AssumeDFTDone AT3_.sdf AT3NMR
/home/ah809/pydp4/PyDP4.py -s chloroform -w gmones -OutputFolder /scratch/ah809/Updated_Integrals/auto/Opt_E/1g -S m/scratch/ah809/Updated_Integrals/Stats/pairwiseOpt_E1gg --AssumeDFTDone AT3_.sdf NMR_folder
/home/ah809/pydp4/PyDP4.py -s chloroform -w gmones -OutputFolder /scratch/ah809/Updated_Integrals/auto/Opt_E/1g -S m/scratch/ah809/Updated_Integrals/Stats/pairwiseOpt_E1gg --AssumeDFTDone AT3_.sdf NMR_folder
/home/ah809/pydp4/PyDP4.py -s chloroform -w gmones -OutputFolder /scratch/ah809/Updated_Integrals/auto/Opt_E/2g -S m/scratch/ah809/Updated_Integrals/Stats/pairwiseOpt_E2gg --AssumeDFTDone AT3_.sdf NMR_folder
/home/ah809/pydp4/PyDP4.py -s chloroform -w gmones -OutputFolder /scratch/ah809/Updated_Integrals/auto/Opt_E/2g -S m/scratch/ah809/Updated_Integrals/Stats/pairwiseOpt_E2gg --AssumeDFTDone AT3_.sdf NMR_folder
/home/ah809/pydp4/PyDP4.py -s chloroform -w gmones -OutputFolder /scratch/ah809/Updated_Integrals/auto/Opt_E/3g -S m/scratch/ah809/Updated_Integrals/Stats/pairwiseOpt_E3gg --AssumeDFTDone AT3_.sdf NMR_folder
/home/ah809/pydp4/PyDP4.py -s chloroform -w gmones -OutputFolder /scratch/ah809/Updated_Integrals/auto/Opt_E/3g -S m/scratch/ah809/Updated_Integrals/Stats/pairwiseOpt_E3gg --AssumeDFTDone AT3_.sdf NMR_folder
/home/ah809/pydp4/PyDP4.py -s chloroform -w gnomes -OutputFolder /scratch/ah809/Updated_Integrals/auto/Opt_E/crossvalidation -S m/scratch/ah809/Updated_Integrals/Stats/pairwiseOpt_Ecrossval/ATmodelg --AssumeDFTDone AT3_.sdf NMR_folder
/home/ah809/pydp4/PyDP4.py -s chloroform -w gmones -OutputFolder /scratch/ah809/Updated_Integrals/pairwise/Opt_E/external -S /none --AssumeDFTDone AT3_.sdf AT3NMR
/home/ah809/pydp4/PyDP4.py -s chloroform -w gmones -OutputFolder /scratch/ah809/Updated_Integrals/pairwise/Opt_E/external -S /none --AssumeDFTDone AT3_.sdf AT3NMR
/home/ah809/pydp4/PyDP4.py -s chloroform -w gmones -OutputFolder /scratch/ah809/Updated_Integrals/auto/Opt_E/external -S /none --AssumeDFTDone AT3_.sdf NMR_folder
/home/ah809/pydp4/PyDP4.py -s chloroform -w gmones -OutputFolder /scratch/ah809/Updated_Integrals/auto/Opt_E/external -S /none --AssumeDFTDone AT3_.sdf NMR_folder
/home/ah809/pydp4/PyDP4.py -s chloroform -w gmones -OutputFolder /scratch/ah809/Updated_Integrals/pairwise/Opt_E/1g -S m/scratch/ah809/Updated_Integrals/Stats/pairwiseOpt_E1gg --AssumeDFTDone AT3_.sdf AT3NMR
/home/ah809/pydp4/PyDP4.py -s chloroform -w gmones -OutputFolder /scratch/ah809/Updated_Integrals/pairwise/Opt_E/1g -S m/scratch/ah809/Updated_Integrals/Stats/pairwiseOpt_E1gg --AssumeDFTDone AT3_.sdf AT3NMR
/home/ah809/pydp4/PyDP4.py -s chloroform -w gmones -OutputFolder /scratch/ah809/Updated_Integrals/pairwise/Opt_E/2g -S m/scratch/ah809/Updated_Integrals/Stats/pairwiseOpt_E2gg --AssumeDFTDone AT3_.sdf AT3NMR
/home/ah809/pydp4/PyDP4.py -s chloroform -w gmones -OutputFolder /scratch/ah809/Updated_Integrals/pairwise/Opt_E/2g -S m/scratch/ah809/Updated_Integrals/Stats/pairwiseOpt_E2gg --AssumeDFTDone AT3_.sdf AT3NMR
/home/ah809/pydp4/PyDP4.py -s chloroform -w gmones -OutputFolder /scratch/ah809/Updated_Integrals/pairwise/Opt_E/3g -S m/scratch/ah809/Updated_Integrals/Stats/pairwiseOpt_E3gg --AssumeDFTDone AT3_.sdf AT3NMR
/home/ah809/pydp4/PyDP4.py -s chloroform -w gmones -OutputFolder /scratch/ah809/Updated_Integrals/pairwise/Opt_E/3g -S m/scratch/ah809/Updated_Integrals/Stats/pairwiseOpt_E3gg --AssumeDFTDone AT3_.sdf AT3NMR
/home/ah809/pydp4/PyDP4.py -s chloroform -w gnomes -OutputFolder /scratch/ah809/Updated_Integrals/pairwise/Opt_E/crossvalidation -S m/scratch/ah809/Updated_Integrals/Stats/pairwiseOpt_Ecrossval/ATmodelg --AssumeDFTDone AT3_.sdf AT3NMR
/home/ah809/pydp4/PyDP4.py -s chloroform -w gmones -OutputFolder /scratch/ah809/Updated_Integrals/auto/Opt_E/1g -S m/scratch/ah809/Updated_Integrals/Stats/pairwiseOpt_E1gg --AssumeDFTDone AT3_.sdf NMR_folder
/home/ah809/pydp4/PyDP4.py -s chloroform -w gmones -OutputFolder /scratch/ah809/Updated_Integrals/auto/Opt_E/1g -S m/scratch/ah809/Updated_Integrals/Stats/pairwiseOpt_E1gg --AssumeDFTDone AT3_.sdf NMR_folder
/home/ah809/pydp4/PyDP4.py -s chloroform -w gmones -OutputFolder /scratch/ah809/Updated_Integrals/auto/Opt_E/2g -S m/scratch/ah809/Updated_Integrals/Stats/pairwiseOpt_E2gg --AssumeDFTDone AT3_.sdf NMR_folder
/home/ah809/pydp4/PyDP4.py -s chloroform -w gmones -OutputFolder /scratch/ah809/Updated_Integrals/auto/Opt_E/2g -S m/scratch/ah809/Updated_Integrals/Stats/pairwiseOpt_E2gg --AssumeDFTDone AT3_.sdf NMR_folder
/home/ah809/pydp4/PyDP4.py -s chloroform -w gmones -OutputFolder /scratch/ah809/Updated_Integrals/auto/Opt_E/3g -S m/scratch/ah809/Updated_Integrals/Stats/pairwiseOpt_E3gg --AssumeDFTDone AT3_.sdf NMR_folder
/home/ah809/pydp4/PyDP4.py -s chloroform -w gmones -OutputFolder /scratch/ah809/Updated_Integrals/auto/Opt_E/3g -S m/scratch/ah809/Updated_Integrals/Stats/pairwiseOpt_E3gg --AssumeDFTDone AT3_.sdf NMR_folder
/home/ah809/pydp4/PyDP4.py -s chloroform -w gnomes -OutputFolder /scratch/ah809/Updated_Integrals/auto/Opt_E/crossvalidation -S m/scratch/ah809/Updated_Integrals/Stats/pairwiseOpt_Ecrossval/ATmodelg --AssumeDFTDone AT3_.sdf NMR_folder
/home/ah809/pydp4/PyDP4.py -s chloroform -w gmns -OutputFolder /scratch/ah809/Results_Separate_Stats/pairwise/Opt_E/external -S /none --AssumeDFTDone AT3_.sdf AT3NMR
/home/ah809/pydp4/PyDP4.py -s chloroform -w gmones -OutputFolder /scratch/ah809/Updated_Integrals/pairwise/Opt_E/external -S /none --AssumeDFTDone AT3_.sdf AT3NMR
/home/ah809/pydp4/PyDP4.py -s chloroform -w gmns -OutputFolder /scratch/ah809/Results_Separate_Stats/pairwise/Opt_E/external -S /none --AssumeDFTDone AT3_.sdf AT3NMR
/home/ah809/pydp4/PyDP4.py -s chloroform -w gmones -OutputFolder /scratch/ah809/Updated_Integrals/pairwise/Opt_E/external -S /none --AssumeDFTDone AT3_.sdf AT3NMR
/home/ah809/pydp4/PyDP4.py -s chloroform -w gmones -OutputFolder /scratch/ah809/Results_Separate_Stats/auto/Opt_E/external -S /none --AssumeDFTDone AT3_.sdf NMR_folder
/home/ah809/pydp4/PyDP4.py -s chloroform -w gmones -OutputFolder /scratch/ah809/Updated_Integrals/auto/Opt_E/external -S /none --AssumeDFTDone AT3_.sdf NMR_folder
/home/ah809/pydp4/PyDP4.py -s chloroform -w gmones -OutputFolder /scratch/ah809/Updated_Integrals/auto/Opt_E/external -S /none --AssumeDFTDone AT3_.sdf NMR_folder
/home/ah809/pydp4/PyDP4.py -s chloroform -w gmones -OutputFolder /scratch/ah809/Results_Separate_Stats/auto/Opt_E/external -S /none --AssumeDFTDone AT3_.sdf NMR_folder
/home/ah809/pydp4/PyDP4.py -s chloroform -w gmones -OutputFolder /scratch/ah809/Updated_Integrals/pairwise/Opt_E/1g -S m/scratch/ah809/Updated_Integrals/Stats/pairwiseOpt_E1gg --AssumeDFTDone AT3_.sdf AT3NMR
/home/ah809/pydp4/PyDP4.py -s chloroform -w gmones -OutputFolder /scratch/ah809/Updated_Integrals/pairwise/Opt_E/1g -S m/scratch/ah809/Updated_Integrals/Stats/pairwiseOpt_E1gg --AssumeDFTDone AT3_.sdf AT3NMR
/home/ah809/pydp4/PyDP4.py -s chloroform -w gmones -OutputFolder /scratch/ah809/Updated_Integrals/pairwise/Opt_E/2g -S m/scratch/ah809/Updated_Integrals/Stats/pairwiseOpt_E2gg --AssumeDFTDone AT3_.sdf AT3NMR
/home/ah809/pydp4/PyDP4.py -s chloroform -w gmones -OutputFolder /scratch/ah809/Updated_Integrals/pairwise/Opt_E/2g -S m/scratch/ah809/Updated_Integrals/Stats/pairwiseOpt_E2gg --AssumeDFTDone AT3_.sdf AT3NMR
/home/ah809/pydp4/PyDP4.py -s chloroform -w gmones -OutputFolder /scratch/ah809/Updated_Integrals/pairwise/Opt_E/3g -S m/scratch/ah809/Updated_Integrals/Stats/pairwiseOpt_E3gg --AssumeDFTDone AT3_.sdf AT3NMR
/home/ah809/pydp4/PyDP4.py -s chloroform -w gmones -OutputFolder /scratch/ah809/Updated_Integrals/pairwise/Opt_E/3g -S m/scratch/ah809/Updated_Integrals/Stats/pairwiseOpt_E3gg --AssumeDFTDone AT3_.sdf AT3NMR
/home/ah809/pydp4/PyDP4.py -s chloroform -w gnomes -OutputFolder /scratch/ah809/Updated_Integrals/pairwise/Opt_E/crossvalidation -S m/scratch/ah809/Updated_Integrals/Stats/pairwiseOpt_Ecrossval/ATmodelg --AssumeDFTDone AT3_.sdf AT3NMR
/home/ah809/pydp4/PyDP4.py -s chloroform -w gmones -OutputFolder /scratch/ah809/Updated_Integrals/auto/Opt_E/1g -S m/scratch/ah809/Updated_Integrals/Stats/pairwiseOpt_E1gg --AssumeDFTDone AT3_.sdf NMR_folder
/home/ah809/pydp4/PyDP4.py -s chloroform -w gmones -OutputFolder /scratch/ah809/Updated_Integrals/auto/Opt_E/1g -S m/scratch/ah809/Updated_Integrals/Stats/pairwiseOpt_E1gg --AssumeDFTDone AT3_.sdf NMR_folder
/home/ah809/pydp4/PyDP4.py -s chloroform -w gmones -OutputFolder /scratch/ah809/Updated_Integrals/auto/Opt_E/2g -S m/scratch/ah809/Updated_Integrals/Stats/pairwiseOpt_E2gg --AssumeDFTDone AT3_.sdf NMR_folder
/home/ah809/pydp4/PyDP4.py -s chloroform -w gmones -OutputFolder /scratch/ah809/Updated_Integrals/auto/Opt_E/2g -S m/scratch/ah809/Updated_Integrals/Stats/pairwiseOpt_E2gg --AssumeDFTDone AT3_.sdf NMR_folder
/home/ah809/pydp4/PyDP4.py -s chloroform -w gmones -OutputFolder /scratch/ah809/Updated_Integrals/auto/Opt_E/3g -S m/scratch/ah809/Updated_Integrals/Stats/pairwiseOpt_E3gg --AssumeDFTDone AT3_.sdf NMR_folder
/home/ah809/pydp4/PyDP4.py -s chloroform -w gmones -OutputFolder /scratch/ah809/Updated_Integrals/auto/Opt_E/3g -S m/scratch/ah809/Updated_Integrals/Stats/pairwiseOpt_E3gg --AssumeDFTDone AT3_.sdf NMR_folder
/home/ah809/pydp4/PyDP4.py -s chloroform -w gnomes -OutputFolder /scratch/ah809/Updated_Integrals/auto/Opt_E/crossvalidation -S m/scratch/ah809/Updated_Integrals/Stats/pairwiseOpt_Ecrossval/ATmodelg --AssumeDFTDone AT3_.sdf NMR_folder
/home/ah809/pydp4/PyDP4.py -s chloroform -w gmns -OutputFolder /scratch/ah809/Results_Separate_Stats/pairwise/Opt_E/external -S /none --AssumeDFTDone AT3_.sdf AT3NMR
/home/ah809/pydp4/PyDP4.py -s chloroform -w gmns -OutputFolder /scratch/ah809/Results_Separate_Stats/pairwise/Opt_E/external -S /none --AssumeDFTDone AT3_.sdf AT3NMR
/home/ah809/pydp4/PyDP4.py -s chloroform -w gmones -OutputFolder /scratch/ah809/Updated_Phasing/auto/Opt_E/1g -S m/scratch/ah809/Updated_Phasing/Stats/pairwiseOpt_E1gg --AssumeDFTDone AT3_.sdf NMR_folder
/home/ah809/pydp4/PyDP4.py -s chloroform -w gmones -OutputFolder /scratch/ah809/Updated_Phasing/auto/Opt_E/1g -S m/scratch/ah809/Updated_Phasing/Stats/pairwiseOpt_E1gg --AssumeDFTDone AT3_.sdf NMR_folder
/home/ah809/pydp4/PyDP4.py -s chloroform -w gmones -OutputFolder /scratch/ah809/Updated_Phasing/auto/Opt_E/2g -S m/scratch/ah809/Updated_Phasing/Stats/pairwiseOpt_E2gg --AssumeDFTDone AT3_.sdf NMR_folder
/home/ah809/pydp4/PyDP4.py -s chloroform -w gmones -OutputFolder /scratch/ah809/Updated_Phasing/auto/Opt_E/2g -S m/scratch/ah809/Updated_Phasing/Stats/pairwiseOpt_E2gg --AssumeDFTDone AT3_.sdf NMR_folder
/home/ah809/pydp4/PyDP4.py -s chloroform -w gmones -OutputFolder /scratch/ah809/Updated_Phasing/auto/Opt_E/3g -S m/scratch/ah809/Updated_Phasing/Stats/pairwiseOpt_E3gg --AssumeDFTDone AT3_.sdf NMR_folder
/home/ah809/pydp4/PyDP4.py -s chloroform -w gmones -OutputFolder /scratch/ah809/Updated_Phasing/auto/Opt_E/3g -S m/scratch/ah809/Updated_Phasing/Stats/pairwiseOpt_E3gg --AssumeDFTDone AT3_.sdf NMR_folder
/home/ah809/pydp4/PyDP4.py -s chloroform -w gnomes -OutputFolder /scratch/ah809/Updated_Phasing/auto/Opt_E/crossvalidation -S m/scratch/ah809/Updated_Phasing/Stats/pairwiseOpt_Ecrossval/ATmodelg --AssumeDFTDone AT3_.sdf NMR_folder
/home/ah809/pydp4/PyDP4.py -s chloroform -w gmones -OutputFolder /scratch/ah809/Updated_Phasing/auto/Opt_E/external -S /none --AssumeDFTDone AT3_.sdf NMR_folder
/home/ah809/pydp4/PyDP4.py -s chloroform -w gmones -OutputFolder /scratch/ah809/Updated_Phasing/auto/Opt_E/external -S /none --AssumeDFTDone AT3_.sdf NMR_folder
/home/ah809/pydp4/PyDP4.py -s chloroform -w gmones -OutputFolder /scratch/ah809/Updated_Cassignment/pairwise/Opt_E/external -S /none --AssumeDFTDone AT3_.sdf AT3NMR
/home/ah809/pydp4/PyDP4.py -s chloroform -w gmones -OutputFolder /scratch/ah809/Updated_Cassignment/pairwise/Opt_E/external -S /none --AssumeDFTDone AT3_.sdf AT3NMR
/home/ah809/pydp4/PyDP4.py -s chloroform -w gmones -OutputFolder /scratch/ah809/Updated_Cassignment/auto/Opt_E/external -S /none --AssumeDFTDone AT3_.sdf NMR_folder
/home/ah809/pydp4/PyDP4.py -s chloroform -w gmones -OutputFolder /scratch/ah809/Updated_Cassignment/auto/Opt_E/external -S /none --AssumeDFTDone AT3_.sdf NMR_folder
/home/ah809/pydp4/PyDP4.py -s chloroform -w gmones -OutputFolder /scratch/ah809/Updated_Cassignment/pairwise/Opt_E/1g -S m/scratch/ah809/Updated_Cassignment/Stats/pairwiseOpt_E1gg --AssumeDFTDone AT3_.sdf AT3NMR
/home/ah809/pydp4/PyDP4.py -s chloroform -w gmones -OutputFolder /scratch/ah809/Updated_Cassignment/pairwise/Opt_E/1g -S m/scratch/ah809/Updated_Cassignment/Stats/pairwiseOpt_E1gg --AssumeDFTDone AT3_.sdf AT3NMR
/home/ah809/pydp4/PyDP4.py -s chloroform -w gmones -OutputFolder /scratch/ah809/Updated_Cassignment/pairwise/Opt_E/2g -S m/scratch/ah809/Updated_Cassignment/Stats/pairwiseOpt_E2gg --AssumeDFTDone AT3_.sdf AT3NMR
/home/ah809/pydp4/PyDP4.py -s chloroform -w gmones -OutputFolder /scratch/ah809/Updated_Cassignment/pairwise/Opt_E/2g -S m/scratch/ah809/Updated_Cassignment/Stats/pairwiseOpt_E2gg --AssumeDFTDone AT3_.sdf AT3NMR
/home/ah809/pydp4/PyDP4.py -s chloroform -w gmones -OutputFolder /scratch/ah809/Updated_Cassignment/pairwise/Opt_E/3g -S m/scratch/ah809/Updated_Cassignment/Stats/pairwiseOpt_E3gg --AssumeDFTDone AT3_.sdf AT3NMR
/home/ah809/pydp4/PyDP4.py -s chloroform -w gmones -OutputFolder /scratch/ah809/Updated_Cassignment/pairwise/Opt_E/3g -S m/scratch/ah809/Updated_Cassignment/Stats/pairwiseOpt_E3gg --AssumeDFTDone AT3_.sdf AT3NMR
/home/ah809/pydp4/PyDP4.py -s chloroform -w gnomes -OutputFolder /scratch/ah809/Updated_Cassignment/pairwise/Opt_E/crossvalidation -S m/scratch/ah809/Updated_Cassignment/Stats/pairwiseOpt_Ecrossval/ATmodelg --AssumeDFTDone AT3_.sdf AT3NMR
/home/ah809/pydp4/PyDP4.py -s chloroform -w gmones -OutputFolder /scratch/ah809/Updated_Cassignment/auto/Opt_E/1g -S m/scratch/ah809/Updated_Cassignment/Stats/pairwiseOpt_E1gg --AssumeDFTDone AT3_.sdf NMR_folder
/home/ah809/pydp4/PyDP4.py -s chloroform -w gmones -OutputFolder /scratch/ah809/Updated_Cassignment/auto/Opt_E/1g -S m/scratch/ah809/Updated_Cassignment/Stats/pairwiseOpt_E1gg --AssumeDFTDone AT3_.sdf NMR_folder
/home/ah809/pydp4/PyDP4.py -s chloroform -w gmones -OutputFolder /scratch/ah809/Updated_Cassignment/auto/Opt_E/2g -S m/scratch/ah809/Updated_Cassignment/Stats/pairwiseOpt_E2gg --AssumeDFTDone AT3_.sdf NMR_folder
/home/ah809/pydp4/PyDP4.py -s chloroform -w gmones -OutputFolder /scratch/ah809/Updated_Cassignment/auto/Opt_E/2g -S m/scratch/ah809/Updated_Cassignment/Stats/pairwiseOpt_E2gg --AssumeDFTDone AT3_.sdf NMR_folder
/home/ah809/pydp4/PyDP4.py -s chloroform -w gmones -OutputFolder /scratch/ah809/Updated_Cassignment/auto/Opt_E/3g -S m/scratch/ah809/Updated_Cassignment/Stats/pairwiseOpt_E3gg --AssumeDFTDone AT3_.sdf NMR_folder
/home/ah809/pydp4/PyDP4.py -s chloroform -w gmones -OutputFolder /scratch/ah809/Updated_Cassignment/auto/Opt_E/3g -S m/scratch/ah809/Updated_Cassignment/Stats/pairwiseOpt_E3gg --AssumeDFTDone AT3_.sdf NMR_folder
/home/ah809/pydp4/PyDP4.py -s chloroform -w gnomes -OutputFolder /scratch/ah809/Updated_Cassignment/auto/Opt_E/crossvalidation -S m/scratch/ah809/Updated_Cassignment/Stats/pairwiseOpt_Ecrossval/ATmodelg --AssumeDFTDone AT3_.sdf NMR_folder
/home/ah809/pydp4/PyDP4.py -s chloroform -w gmones -OutputFolder /scratch/ah809/Updated_Cassignment/pairwise/Opt_E/external -S /none --AssumeDFTDone AT3_.sdf AT3NMR
/home/ah809/pydp4/PyDP4.py -s chloroform -w gmones -OutputFolder /scratch/ah809/Updated_Cassignment/pairwise/Opt_E/external -S /none --AssumeDFTDone AT3_.sdf AT3NMR
/home/ah809/pydp4/PyDP4.py -s chloroform -w gmones -OutputFolder /scratch/ah809/Updated_Cassignment/auto/Opt_E/external -S /none --AssumeDFTDone AT3_.sdf NMR_folder
/home/ah809/pydp4/PyDP4.py -s chloroform -w gmones -OutputFolder /scratch/ah809/Updated_Cassignment/auto/Opt_E/external -S /none --AssumeDFTDone AT3_.sdf NMR_folder
/home/ah809/pydp4/PyDP4.py -s chloroform -w gmones -OutputFolder /scratch/ah809/Updated_Cassignment/pairwise/Opt_E/1g -S m/scratch/ah809/Updated_Cassignment/Stats/pairwiseOpt_E1gg --AssumeDFTDone AT3_.sdf AT3NMR
/home/ah809/pydp4/PyDP4.py -s chloroform -w gmones -OutputFolder /scratch/ah809/Updated_Cassignment/pairwise/Opt_E/1g -S m/scratch/ah809/Updated_Cassignment/Stats/pairwiseOpt_E1gg --AssumeDFTDone AT3_.sdf AT3NMR
/home/ah809/pydp4/PyDP4.py -s chloroform -w gmones -OutputFolder /scratch/ah809/Updated_Cassignment/pairwise/Opt_E/2g -S m/scratch/ah809/Updated_Cassignment/Stats/pairwiseOpt_E2gg --AssumeDFTDone AT3_.sdf AT3NMR
/home/ah809/pydp4/PyDP4.py -s chloroform -w gmones -OutputFolder /scratch/ah809/Updated_Cassignment/pairwise/Opt_E/2g -S m/scratch/ah809/Updated_Cassignment/Stats/pairwiseOpt_E2gg --AssumeDFTDone AT3_.sdf AT3NMR
/home/ah809/pydp4/PyDP4.py -s chloroform -w gmones -OutputFolder /scratch/ah809/Updated_Cassignment/pairwise/Opt_E/3g -S m/scratch/ah809/Updated_Cassignment/Stats/pairwiseOpt_E3gg --AssumeDFTDone AT3_.sdf AT3NMR
/home/ah809/pydp4/PyDP4.py -s chloroform -w gmones -OutputFolder /scratch/ah809/Updated_Cassignment/pairwise/Opt_E/3g -S m/scratch/ah809/Updated_Cassignment/Stats/pairwiseOpt_E3gg --AssumeDFTDone AT3_.sdf AT3NMR
/home/ah809/pydp4/PyDP4.py -s chloroform -w gnomes -OutputFolder /scratch/ah809/Updated_Cassignment/pairwise/Opt_E/crossvalidation -S m/scratch/ah809/Updated_Cassignment/Stats/pairwiseOpt_Ecrossval/ATmodelg --AssumeDFTDone AT3_.sdf AT3NMR
/home/ah809/pydp4/PyDP4.py -s chloroform -w gmones -OutputFolder /scratch/ah809/Updated_Cassignment/auto/Opt_E/1g -S m/scratch/ah809/Updated_Cassignment/Stats/pairwiseOpt_E1gg --AssumeDFTDone AT3_.sdf NMR_folder
/home/ah809/pydp4/PyDP4.py -s chloroform -w gmones -OutputFolder /scratch/ah809/Updated_Cassignment/auto/Opt_E/1g -S m/scratch/ah809/Updated_Cassignment/Stats/pairwiseOpt_E1gg --AssumeDFTDone AT3_.sdf NMR_folder
/home/ah809/pydp4/PyDP4.py -s chloroform -w gmones -OutputFolder /scratch/ah809/Updated_Cassignment/auto/Opt_E/2g -S m/scratch/ah809/Updated_Cassignment/Stats/pairwiseOpt_E2gg --AssumeDFTDone AT3_.sdf NMR_folder
/home/ah809/pydp4/PyDP4.py -s chloroform -w gmones -OutputFolder /scratch/ah809/Updated_Cassignment/auto/Opt_E/2g -S m/scratch/ah809/Updated_Cassignment/Stats/pairwiseOpt_E2gg --AssumeDFTDone AT3_.sdf NMR_folder
/home/ah809/pydp4/PyDP4.py -s chloroform -w gmones -OutputFolder /scratch/ah809/Updated_Cassignment/auto/Opt_E/3g -S m/scratch/ah809/Updated_Cassignment/Stats/pairwiseOpt_E3gg --AssumeDFTDone AT3_.sdf NMR_folder
/home/ah809/pydp4/PyDP4.py -s chloroform -w gmones -OutputFolder /scratch/ah809/Updated_Cassignment/auto/Opt_E/3g -S m/scratch/ah809/Updated_Cassignment/Stats/pairwiseOpt_E3gg --AssumeDFTDone AT3_.sdf NMR_folder
/home/ah809/pydp4/PyDP4.py -s chloroform -w gnomes -OutputFolder /scratch/ah809/Updated_Cassignment/auto/Opt_E/crossvalidation -S m/scratch/ah809/Updated_Cassignment/Stats/pairwiseOpt_Ecrossval/ATmodelg --AssumeDFTDone AT3_.sdf NMR_folder
/home/ah809/pydp4/PyDP4.py -s chloroform -w gmones -OutputFolder /scratch/ah809/Updated_Cassignment/pairwise/Opt_E/external -S /none --AssumeDFTDone AT3_.sdf AT3NMR
/home/ah809/pydp4/PyDP4.py -s chloroform -w gmones -OutputFolder /scratch/ah809/Updated_Cassignment/pairwise/Opt_E/external -S /none --AssumeDFTDone AT3_.sdf AT3NMR
/home/ah809/pydp4/PyDP4.py -s chloroform -w gmones -OutputFolder /scratch/ah809/Updated_Cassignment/auto/Opt_E/external -S /none --AssumeDFTDone AT3_.sdf NMR_folder
/home/ah809/pydp4/PyDP4.py -s chloroform -w gmones -OutputFolder /scratch/ah809/Updated_Cassignment/auto/Opt_E/external -S /none --AssumeDFTDone AT3_.sdf NMR_folder
/home/ah809/pydp4/PyDP4.py -s chloroform -w gmones -OutputFolder /scratch/ah809/Updated_Cassignment/pairwise/Opt_E/1g -S m/scratch/ah809/Updated_Cassignment/Stats/pairwiseOpt_E1gg --AssumeDFTDone AT3_.sdf AT3NMR
/home/ah809/pydp4/PyDP4.py -s chloroform -w gmones -OutputFolder /scratch/ah809/Updated_Cassignment/pairwise/Opt_E/1g -S m/scratch/ah809/Updated_Cassignment/Stats/pairwiseOpt_E1gg --AssumeDFTDone AT3_.sdf AT3NMR
/home/ah809/pydp4/PyDP4.py -s chloroform -w gmones -OutputFolder /scratch/ah809/Updated_Cassignment/pairwise/Opt_E/2g -S m/scratch/ah809/Updated_Cassignment/Stats/pairwiseOpt_E2gg --AssumeDFTDone AT3_.sdf AT3NMR
/home/ah809/pydp4/PyDP4.py -s chloroform -w gmones -OutputFolder /scratch/ah809/Updated_Cassignment/pairwise/Opt_E/2g -S m/scratch/ah809/Updated_Cassignment/Stats/pairwiseOpt_E2gg --AssumeDFTDone AT3_.sdf AT3NMR
/home/ah809/pydp4/PyDP4.py -s chloroform -w gmones -OutputFolder /scratch/ah809/Updated_Cassignment/pairwise/Opt_E/3g -S m/scratch/ah809/Updated_Cassignment/Stats/pairwiseOpt_E3gg --AssumeDFTDone AT3_.sdf AT3NMR
/home/ah809/pydp4/PyDP4.py -s chloroform -w gmones -OutputFolder /scratch/ah809/Updated_Cassignment/pairwise/Opt_E/3g -S m/scratch/ah809/Updated_Cassignment/Stats/pairwiseOpt_E3gg --AssumeDFTDone AT3_.sdf AT3NMR
/home/ah809/pydp4/PyDP4.py -s chloroform -w gnomes -OutputFolder /scratch/ah809/Updated_Cassignment/pairwise/Opt_E/crossvalidation -S m/scratch/ah809/Updated_Cassignment/Stats/pairwiseOpt_Ecrossval/ATmodelg --AssumeDFTDone AT3_.sdf AT3NMR
/home/ah809/pydp4/PyDP4.py -s chloroform -w gmones -OutputFolder /scratch/ah809/Updated_Cassignment/auto/Opt_E/1g -S m/scratch/ah809/Updated_Cassignment/Stats/pairwiseOpt_E1gg --AssumeDFTDone AT3_.sdf NMR_folder
/home/ah809/pydp4/PyDP4.py -s chloroform -w gmones -OutputFolder /scratch/ah809/Updated_Cassignment/auto/Opt_E/1g -S m/scratch/ah809/Updated_Cassignment/Stats/pairwiseOpt_E1gg --AssumeDFTDone AT3_.sdf NMR_folder
/home/ah809/pydp4/PyDP4.py -s chloroform -w gmones -OutputFolder /scratch/ah809/Updated_Cassignment/auto/Opt_E/2g -S m/scratch/ah809/Updated_Cassignment/Stats/pairwiseOpt_E2gg --AssumeDFTDone AT3_.sdf NMR_folder
/home/ah809/pydp4/PyDP4.py -s chloroform -w gmones -OutputFolder /scratch/ah809/Updated_Cassignment/auto/Opt_E/2g -S m/scratch/ah809/Updated_Cassignment/Stats/pairwiseOpt_E2gg --AssumeDFTDone AT3_.sdf NMR_folder
/home/ah809/pydp4/PyDP4.py -s chloroform -w gmones -OutputFolder /scratch/ah809/Updated_Cassignment/auto/Opt_E/3g -S m/scratch/ah809/Updated_Cassignment/Stats/pairwiseOpt_E3gg --AssumeDFTDone AT3_.sdf NMR_folder
/home/ah809/pydp4/PyDP4.py -s chloroform -w gmones -OutputFolder /scratch/ah809/Updated_Cassignment/auto/Opt_E/3g -S m/scratch/ah809/Updated_Cassignment/Stats/pairwiseOpt_E3gg --AssumeDFTDone AT3_.sdf NMR_folder
/home/ah809/pydp4/PyDP4.py -s chloroform -w gnomes -OutputFolder /scratch/ah809/Updated_Cassignment/auto/Opt_E/crossvalidation -S m/scratch/ah809/Updated_Cassignment/Stats/pairwiseOpt_Ecrossval/ATmodelg --AssumeDFTDone AT3_.sdf NMR_folder
/home/ah809/pydp4/PyDP4.py -s chloroform -w gmones -OutputFolder /scratch/ah809/Updated_Cassignment/auto/Opt_E/external -S /none --AssumeDFTDone AT3_.sdf NMR_folder
/home/ah809/pydp4/PyDP4.py -s chloroform -w gmones -OutputFolder /scratch/ah809/Updated_Cassignment/auto/Opt_E/external -S /none --AssumeDFTDone AT3_.sdf NMR_folder
/home/ah809/pydp4/PyDP4.py -s chloroform -w gmones -OutputFolder /scratch/ah809/Updated_Cassignment/auto/Opt_E/1g -S m/scratch/ah809/Updated_Cassignment/Stats/pairwiseOpt_E1gg --AssumeDFTDone AT3_.sdf NMR_folder
/home/ah809/pydp4/PyDP4.py -s chloroform -w gmones -OutputFolder /scratch/ah809/Updated_Cassignment/auto/Opt_E/1g -S m/scratch/ah809/Updated_Cassignment/Stats/pairwiseOpt_E1gg --AssumeDFTDone AT3_.sdf NMR_folder
/home/ah809/pydp4/PyDP4.py -s chloroform -w gmones -OutputFolder /scratch/ah809/Updated_Cassignment/auto/Opt_E/2g -S m/scratch/ah809/Updated_Cassignment/Stats/pairwiseOpt_E2gg --AssumeDFTDone AT3_.sdf NMR_folder
/home/ah809/pydp4/PyDP4.py -s chloroform -w gmones -OutputFolder /scratch/ah809/Updated_Cassignment/auto/Opt_E/2g -S m/scratch/ah809/Updated_Cassignment/Stats/pairwiseOpt_E2gg --AssumeDFTDone AT3_.sdf NMR_folder
/home/ah809/pydp4/PyDP4.py -s chloroform -w gmones -OutputFolder /scratch/ah809/Updated_Cassignment/auto/Opt_E/3g -S m/scratch/ah809/Updated_Cassignment/Stats/pairwiseOpt_E3gg --AssumeDFTDone AT3_.sdf NMR_folder
/home/ah809/pydp4/PyDP4.py -s chloroform -w gmones -OutputFolder /scratch/ah809/Updated_Cassignment/auto/Opt_E/3g -S m/scratch/ah809/Updated_Cassignment/Stats/pairwiseOpt_E3gg --AssumeDFTDone AT3_.sdf NMR_folder
/home/ah809/pydp4/PyDP4.py -s chloroform -w gnomes -OutputFolder /scratch/ah809/Updated_Cassignment/auto/Opt_E/crossvalidation -S m/scratch/ah809/Updated_Cassignment/Stats/pairwiseOpt_Ecrossval/ATmodelg --AssumeDFTDone AT3_.sdf NMR_folder
/home/ah809/pydp4/PyDP4.py -s chloroform -w gmones -OutputFolder /scratch/ah809/no_OD3_NL3A/pairwise/Opt_E/external -S /none --AssumeDFTDone AT3_.sdf AT3NMR
/home/ah809/pydp4/PyDP4.py -s chloroform -w gmones -OutputFolder /scratch/ah809/no_OD3_NL3A/pairwise/Opt_E/external -S /none --AssumeDFTDone AT3_.sdf AT3NMR
/home/ah809/pydp4/PyDP4.py -s chloroform -w gmones -OutputFolder /scratch/ah809/no_OD3_NL3A/auto/Opt_E/external -S /none --AssumeDFTDone AT3_.sdf NMR_folder
/home/ah809/pydp4/PyDP4.py -s chloroform -w gmones -OutputFolder /scratch/ah809/no_OD3_NL3A/auto/Opt_E/external -S /none --AssumeDFTDone AT3_.sdf NMR_folder
/home/ah809/pydp4/PyDP4.py -s chloroform -w gmones -OutputFolder /scratch/ah809/no_OD3_NL3A/pairwise/Opt_E/1g -S m/scratch/ah809/no_OD3_NL3A/Stats/pairwiseOpt_E1gg --AssumeDFTDone AT3_.sdf AT3NMR
/home/ah809/pydp4/PyDP4.py -s chloroform -w gmones -OutputFolder /scratch/ah809/no_OD3_NL3A/pairwise/Opt_E/1g -S m/scratch/ah809/no_OD3_NL3A/Stats/pairwiseOpt_E1gg --AssumeDFTDone AT3_.sdf AT3NMR
/home/ah809/pydp4/PyDP4.py -s chloroform -w gmones -OutputFolder /scratch/ah809/no_OD3_NL3A/pairwise/Opt_E/2g -S m/scratch/ah809/no_OD3_NL3A/Stats/pairwiseOpt_E2gg --AssumeDFTDone AT3_.sdf AT3NMR
/home/ah809/pydp4/PyDP4.py -s chloroform -w gmones -OutputFolder /scratch/ah809/no_OD3_NL3A/pairwise/Opt_E/2g -S m/scratch/ah809/no_OD3_NL3A/Stats/pairwiseOpt_E2gg --AssumeDFTDone AT3_.sdf AT3NMR
/home/ah809/pydp4/PyDP4.py -s chloroform -w gmones -OutputFolder /scratch/ah809/no_OD3_NL3A/pairwise/Opt_E/3g -S m/scratch/ah809/no_OD3_NL3A/Stats/pairwiseOpt_E3gg --AssumeDFTDone AT3_.sdf AT3NMR
/home/ah809/pydp4/PyDP4.py -s chloroform -w gmones -OutputFolder /scratch/ah809/no_OD3_NL3A/pairwise/Opt_E/3g -S m/scratch/ah809/no_OD3_NL3A/Stats/pairwiseOpt_E3gg --AssumeDFTDone AT3_.sdf AT3NMR
/home/ah809/pydp4/PyDP4.py -s chloroform -w gnomes -OutputFolder /scratch/ah809/no_OD3_NL3A/pairwise/Opt_E/crossvalidation -S m/scratch/ah809/no_OD3_NL3A/Stats/pairwiseOpt_Ecrossval/ATmodelg --AssumeDFTDone AT3_.sdf AT3NMR
/home/ah809/pydp4/PyDP4.py -s chloroform -w gmones -OutputFolder /scratch/ah809/no_OD3_NL3A/auto/Opt_E/1g -S m/scratch/ah809/no_OD3_NL3A/Stats/pairwiseOpt_E1gg --AssumeDFTDone AT3_.sdf NMR_folder
/home/ah809/pydp4/PyDP4.py -s chloroform -w gmones -OutputFolder /scratch/ah809/no_OD3_NL3A/auto/Opt_E/1g -S m/scratch/ah809/no_OD3_NL3A/Stats/pairwiseOpt_E1gg --AssumeDFTDone AT3_.sdf NMR_folder
/home/ah809/pydp4/PyDP4.py -s chloroform -w gmones -OutputFolder /scratch/ah809/no_OD3_NL3A/auto/Opt_E/2g -S m/scratch/ah809/no_OD3_NL3A/Stats/pairwiseOpt_E2gg --AssumeDFTDone AT3_.sdf NMR_folder
/home/ah809/pydp4/PyDP4.py -s chloroform -w gmones -OutputFolder /scratch/ah809/no_OD3_NL3A/auto/Opt_E/2g -S m/scratch/ah809/no_OD3_NL3A/Stats/pairwiseOpt_E2gg --AssumeDFTDone AT3_.sdf NMR_folder
/home/ah809/pydp4/PyDP4.py -s chloroform -w gmones -OutputFolder /scratch/ah809/no_OD3_NL3A/auto/Opt_E/3g -S m/scratch/ah809/no_OD3_NL3A/Stats/pairwiseOpt_E3gg --AssumeDFTDone AT3_.sdf NMR_folder
/home/ah809/pydp4/PyDP4.py -s chloroform -w gmones -OutputFolder /scratch/ah809/no_OD3_NL3A/auto/Opt_E/3g -S m/scratch/ah809/no_OD3_NL3A/Stats/pairwiseOpt_E3gg --AssumeDFTDone AT3_.sdf NMR_folder
/home/ah809/pydp4/PyDP4.py -s chloroform -w gnomes -OutputFolder /scratch/ah809/no_OD3_NL3A/auto/Opt_E/crossvalidation -S m/scratch/ah809/no_OD3_NL3A/Stats/pairwiseOpt_Ecrossval/ATmodelg --AssumeDFTDone AT3_.sdf NMR_folder
/home/ah809/pydp4/PyDP4.py -s chloroform -w gmones -OutputFolder /scratch/ah809/Quinine_etc/pairwise/Opt_E/external -S /none --AssumeDFTDone AT3_.sdf AT3NMR
/home/ah809/pydp4/PyDP4.py -s chloroform -w gmones -OutputFolder /scratch/ah809/Quinine_etc/pairwise/Opt_E/external -S /none --AssumeDFTDone AT3_.sdf AT3NMR
/home/ah809/pydp4/PyDP4.py -s chloroform -w gmones -OutputFolder /scratch/ah809/Quinine_etc/auto/Opt_E/external -S /none --AssumeDFTDone AT3_.sdf NMR_folder
/home/ah809/pydp4/PyDP4.py -s chloroform -w gmones -OutputFolder /scratch/ah809/Quinine_etc/auto/Opt_E/external -S /none --AssumeDFTDone AT3_.sdf NMR_folder
/home/ah809/pydp4/PyDP4.py -s chloroform -w gmones -OutputFolder /scratch/ah809/Quinine_etc/pairwise/Opt_E/1g -S m/scratch/ah809/Quinine_etc/Stats/pairwiseOpt_E1gg --AssumeDFTDone AT3_.sdf AT3NMR
/home/ah809/pydp4/PyDP4.py -s chloroform -w gmones -OutputFolder /scratch/ah809/Quinine_etc/pairwise/Opt_E/1g -S m/scratch/ah809/Quinine_etc/Stats/pairwiseOpt_E1gg --AssumeDFTDone AT3_.sdf AT3NMR
/home/ah809/pydp4/PyDP4.py -s chloroform -w gmones -OutputFolder /scratch/ah809/Quinine_etc/pairwise/Opt_E/2g -S m/scratch/ah809/Quinine_etc/Stats/pairwiseOpt_E2gg --AssumeDFTDone AT3_.sdf AT3NMR
/home/ah809/pydp4/PyDP4.py -s chloroform -w gmones -OutputFolder /scratch/ah809/Quinine_etc/pairwise/Opt_E/2g -S m/scratch/ah809/Quinine_etc/Stats/pairwiseOpt_E2gg --AssumeDFTDone AT3_.sdf AT3NMR
/home/ah809/pydp4/PyDP4.py -s chloroform -w gmones -OutputFolder /scratch/ah809/Quinine_etc/pairwise/Opt_E/3g -S m/scratch/ah809/Quinine_etc/Stats/pairwiseOpt_E3gg --AssumeDFTDone AT3_.sdf AT3NMR
/home/ah809/pydp4/PyDP4.py -s chloroform -w gmones -OutputFolder /scratch/ah809/Quinine_etc/pairwise/Opt_E/3g -S m/scratch/ah809/Quinine_etc/Stats/pairwiseOpt_E3gg --AssumeDFTDone AT3_.sdf AT3NMR
/home/ah809/pydp4/PyDP4.py -s chloroform -w gnomes -OutputFolder /scratch/ah809/Quinine_etc/pairwise/Opt_E/crossvalidation -S m/scratch/ah809/Quinine_etc/Stats/pairwiseOpt_Ecrossval/ATmodelg --AssumeDFTDone AT3_.sdf AT3NMR
/home/ah809/pydp4/PyDP4.py -s chloroform -w gmones -OutputFolder /scratch/ah809/Quinine_etc/auto/Opt_E/1g -S m/scratch/ah809/Quinine_etc/Stats/pairwiseOpt_E1gg --AssumeDFTDone AT3_.sdf NMR_folder
/home/ah809/pydp4/PyDP4.py -s chloroform -w gmones -OutputFolder /scratch/ah809/Quinine_etc/auto/Opt_E/1g -S m/scratch/ah809/Quinine_etc/Stats/pairwiseOpt_E1gg --AssumeDFTDone AT3_.sdf NMR_folder
/home/ah809/pydp4/PyDP4.py -s chloroform -w gmones -OutputFolder /scratch/ah809/Quinine_etc/auto/Opt_E/2g -S m/scratch/ah809/Quinine_etc/Stats/pairwiseOpt_E2gg --AssumeDFTDone AT3_.sdf NMR_folder
/home/ah809/pydp4/PyDP4.py -s chloroform -w gmones -OutputFolder /scratch/ah809/Quinine_etc/auto/Opt_E/2g -S m/scratch/ah809/Quinine_etc/Stats/pairwiseOpt_E2gg --AssumeDFTDone AT3_.sdf NMR_folder
/home/ah809/pydp4/PyDP4.py -s chloroform -w gmones -OutputFolder /scratch/ah809/Quinine_etc/auto/Opt_E/3g -S m/scratch/ah809/Quinine_etc/Stats/pairwiseOpt_E3gg --AssumeDFTDone AT3_.sdf NMR_folder
/home/ah809/pydp4/PyDP4.py -s chloroform -w gmones -OutputFolder /scratch/ah809/Quinine_etc/auto/Opt_E/3g -S m/scratch/ah809/Quinine_etc/Stats/pairwiseOpt_E3gg --AssumeDFTDone AT3_.sdf NMR_folder
/home/ah809/pydp4/PyDP4.py -s chloroform -w gnomes -OutputFolder /scratch/ah809/Quinine_etc/auto/Opt_E/crossvalidation -S m/scratch/ah809/Quinine_etc/Stats/pairwiseOpt_Ecrossval/ATmodelg --AssumeDFTDone AT3_.sdf NMR_folder
/home/ah809/pydp4/PyDP4.py -s chloroform -w gmones -OutputFolder /scratch/ah809/Minor_Changes/pairwise/Opt_E/external -S /none --AssumeDFTDone AT3_.sdf AT3NMR
/home/ah809/pydp4/PyDP4.py -s chloroform -w gmones -OutputFolder /scratch/ah809/Minor_Changes/pairwise/Opt_E/external -S /none --AssumeDFTDone AT3_.sdf AT3NMR
/home/ah809/pydp4/PyDP4.py -s chloroform -w gmones -OutputFolder /scratch/ah809/Minor_Changes/auto/Opt_E/external -S /none --AssumeDFTDone AT3_.sdf NMR_folder
/home/ah809/pydp4/PyDP4.py -s chloroform -w gmones -OutputFolder /scratch/ah809/Minor_Changes/auto/Opt_E/external -S /none --AssumeDFTDone AT3_.sdf NMR_folder
/home/ah809/pydp4/PyDP4.py -s chloroform -w gmones -OutputFolder /scratch/ah809/Minor_Changes/pairwise/Opt_E/1g -S m/scratch/ah809/Minor_Changes/Stats/pairwiseOpt_E1gg --AssumeDFTDone AT3_.sdf AT3NMR
/home/ah809/pydp4/PyDP4.py -s chloroform -w gmones -OutputFolder /scratch/ah809/Minor_Changes/pairwise/Opt_E/1g -S m/scratch/ah809/Minor_Changes/Stats/pairwiseOpt_E1gg --AssumeDFTDone AT3_.sdf AT3NMR
/home/ah809/pydp4/PyDP4.py -s chloroform -w gmones -OutputFolder /scratch/ah809/Minor_Changes/pairwise/Opt_E/2g -S m/scratch/ah809/Minor_Changes/Stats/pairwiseOpt_E2gg --AssumeDFTDone AT3_.sdf AT3NMR
/home/ah809/pydp4/PyDP4.py -s chloroform -w gmones -OutputFolder /scratch/ah809/Minor_Changes/pairwise/Opt_E/2g -S m/scratch/ah809/Minor_Changes/Stats/pairwiseOpt_E2gg --AssumeDFTDone AT3_.sdf AT3NMR
/home/ah809/pydp4/PyDP4.py -s chloroform -w gmones -OutputFolder /scratch/ah809/Minor_Changes/pairwise/Opt_E/3g -S m/scratch/ah809/Minor_Changes/Stats/pairwiseOpt_E3gg --AssumeDFTDone AT3_.sdf AT3NMR
/home/ah809/pydp4/PyDP4.py -s chloroform -w gmones -OutputFolder /scratch/ah809/Minor_Changes/pairwise/Opt_E/3g -S m/scratch/ah809/Minor_Changes/Stats/pairwiseOpt_E3gg --AssumeDFTDone AT3_.sdf AT3NMR
/home/ah809/pydp4/PyDP4.py -s chloroform -w gnomes -OutputFolder /scratch/ah809/Minor_Changes/pairwise/Opt_E/crossvalidation -S m/scratch/ah809/Minor_Changes/Stats/pairwiseOpt_Ecrossval/ATmodelg --AssumeDFTDone AT3_.sdf AT3NMR
/home/ah809/pydp4/PyDP4.py -s chloroform -w gmones -OutputFolder /scratch/ah809/Minor_Changes/auto/Opt_E/1g -S m/scratch/ah809/Minor_Changes/Stats/pairwiseOpt_E1gg --AssumeDFTDone AT3_.sdf NMR_folder
/home/ah809/pydp4/PyDP4.py -s chloroform -w gmones -OutputFolder /scratch/ah809/Minor_Changes/auto/Opt_E/1g -S m/scratch/ah809/Minor_Changes/Stats/pairwiseOpt_E1gg --AssumeDFTDone AT3_.sdf NMR_folder
/home/ah809/pydp4/PyDP4.py -s chloroform -w gmones -OutputFolder /scratch/ah809/Minor_Changes/auto/Opt_E/2g -S m/scratch/ah809/Minor_Changes/Stats/pairwiseOpt_E2gg --AssumeDFTDone AT3_.sdf NMR_folder
/home/ah809/pydp4/PyDP4.py -s chloroform -w gmones -OutputFolder /scratch/ah809/Minor_Changes/auto/Opt_E/2g -S m/scratch/ah809/Minor_Changes/Stats/pairwiseOpt_E2gg --AssumeDFTDone AT3_.sdf NMR_folder
/home/ah809/pydp4/PyDP4.py -s chloroform -w gmones -OutputFolder /scratch/ah809/Minor_Changes/auto/Opt_E/3g -S m/scratch/ah809/Minor_Changes/Stats/pairwiseOpt_E3gg --AssumeDFTDone AT3_.sdf NMR_folder
/home/ah809/pydp4/PyDP4.py -s chloroform -w gmones -OutputFolder /scratch/ah809/Minor_Changes/auto/Opt_E/3g -S m/scratch/ah809/Minor_Changes/Stats/pairwiseOpt_E3gg --AssumeDFTDone AT3_.sdf NMR_folder
/home/ah809/pydp4/PyDP4.py -s chloroform -w gnomes -OutputFolder /scratch/ah809/Minor_Changes/auto/Opt_E/crossvalidation -S m/scratch/ah809/Minor_Changes/Stats/pairwiseOpt_Ecrossval/ATmodelg --AssumeDFTDone AT3_.sdf NMR_folder
/home/ah809/pydp4/PyDP4.py -s chloroform -w gmones -OutputFolder /scratch/ah809/Updated_Artemisinin/pairwise/Opt_E/external -S /none --AssumeDFTDone AT3_.sdf AT3NMR
/home/ah809/pydp4/PyDP4.py -s chloroform -w gmones -OutputFolder /scratch/ah809/Updated_Artemisinin/pairwise/Opt_E/external -S /none --AssumeDFTDone AT3_.sdf AT3NMR
/home/ah809/pydp4/PyDP4.py -s chloroform -w gmones -OutputFolder /scratch/ah809/Updated_Artemisinin/auto/Opt_E/external -S /none --AssumeDFTDone AT3_.sdf NMR_folder
/home/ah809/pydp4/PyDP4.py -s chloroform -w gmones -OutputFolder /scratch/ah809/Updated_Artemisinin/auto/Opt_E/external -S /none --AssumeDFTDone AT3_.sdf NMR_folder
/home/ah809/pydp4/PyDP4.py -s chloroform -w gmones -OutputFolder /scratch/ah809/Updated_Artemisinin/pairwise/Opt_E/1g -S m/scratch/ah809/Updated_Artemisinin/Stats/pairwiseOpt_E1gg --AssumeDFTDone AT3_.sdf AT3NMR
/home/ah809/pydp4/PyDP4.py -s chloroform -w gmones -OutputFolder /scratch/ah809/Updated_Artemisinin/pairwise/Opt_E/1g -S m/scratch/ah809/Updated_Artemisinin/Stats/pairwiseOpt_E1gg --AssumeDFTDone AT3_.sdf AT3NMR
/home/ah809/pydp4/PyDP4.py -s chloroform -w gmones -OutputFolder /scratch/ah809/Updated_Artemisinin/pairwise/Opt_E/2g -S m/scratch/ah809/Updated_Artemisinin/Stats/pairwiseOpt_E2gg --AssumeDFTDone AT3_.sdf AT3NMR
/home/ah809/pydp4/PyDP4.py -s chloroform -w gmones -OutputFolder /scratch/ah809/Updated_Artemisinin/pairwise/Opt_E/2g -S m/scratch/ah809/Updated_Artemisinin/Stats/pairwiseOpt_E2gg --AssumeDFTDone AT3_.sdf AT3NMR
/home/ah809/pydp4/PyDP4.py -s chloroform -w gmones -OutputFolder /scratch/ah809/Updated_Artemisinin/pairwise/Opt_E/3g -S m/scratch/ah809/Updated_Artemisinin/Stats/pairwiseOpt_E3gg --AssumeDFTDone AT3_.sdf AT3NMR
/home/ah809/pydp4/PyDP4.py -s chloroform -w gmones -OutputFolder /scratch/ah809/Updated_Artemisinin/pairwise/Opt_E/3g -S m/scratch/ah809/Updated_Artemisinin/Stats/pairwiseOpt_E3gg --AssumeDFTDone AT3_.sdf AT3NMR
/home/ah809/pydp4/PyDP4.py -s chloroform -w gnomes -OutputFolder /scratch/ah809/Updated_Artemisinin/pairwise/Opt_E/crossvalidation -S m/scratch/ah809/Updated_Artemisinin/Stats/pairwiseOpt_Ecrossval/ATmodelg --AssumeDFTDone AT3_.sdf AT3NMR
/home/ah809/pydp4/PyDP4.py -s chloroform -w gmones -OutputFolder /scratch/ah809/Updated_Artemisinin/auto/Opt_E/1g -S m/scratch/ah809/Updated_Artemisinin/Stats/pairwiseOpt_E1gg --AssumeDFTDone AT3_.sdf NMR_folder
/home/ah809/pydp4/PyDP4.py -s chloroform -w gmones -OutputFolder /scratch/ah809/Updated_Artemisinin/auto/Opt_E/1g -S m/scratch/ah809/Updated_Artemisinin/Stats/pairwiseOpt_E1gg --AssumeDFTDone AT3_.sdf NMR_folder
/home/ah809/pydp4/PyDP4.py -s chloroform -w gmones -OutputFolder /scratch/ah809/Updated_Artemisinin/auto/Opt_E/2g -S m/scratch/ah809/Updated_Artemisinin/Stats/pairwiseOpt_E2gg --AssumeDFTDone AT3_.sdf NMR_folder
/home/ah809/pydp4/PyDP4.py -s chloroform -w gmones -OutputFolder /scratch/ah809/Updated_Artemisinin/auto/Opt_E/2g -S m/scratch/ah809/Updated_Artemisinin/Stats/pairwiseOpt_E2gg --AssumeDFTDone AT3_.sdf NMR_folder
/home/ah809/pydp4/PyDP4.py -s chloroform -w gmones -OutputFolder /scratch/ah809/Updated_Artemisinin/auto/Opt_E/3g -S m/scratch/ah809/Updated_Artemisinin/Stats/pairwiseOpt_E3gg --AssumeDFTDone AT3_.sdf NMR_folder
/home/ah809/pydp4/PyDP4.py -s chloroform -w gmones -OutputFolder /scratch/ah809/Updated_Artemisinin/auto/Opt_E/3g -S m/scratch/ah809/Updated_Artemisinin/Stats/pairwiseOpt_E3gg --AssumeDFTDone AT3_.sdf NMR_folder
/home/ah809/pydp4/PyDP4.py -s chloroform -w gnomes -OutputFolder /scratch/ah809/Updated_Artemisinin/auto/Opt_E/crossvalidation -S m/scratch/ah809/Updated_Artemisinin/Stats/pairwiseOpt_Ecrossval/ATmodelg --AssumeDFTDone AT3_.sdf NMR_folder
